27-Apr-2018 09:12:15.167 INFO [main] org.apache.catalina.startup.VersionLoggerListener.log Server version:        Apache Tomcat/9.0.7
27-Apr-2018 09:12:15.172 INFO [main] org.apache.catalina.startup.VersionLoggerListener.log Server built:          Apr 3 2018 19:53:05 UTC
27-Apr-2018 09:12:15.173 INFO [main] org.apache.catalina.startup.VersionLoggerListener.log Server number:         9.0.7.0
27-Apr-2018 09:12:15.174 INFO [main] org.apache.catalina.startup.VersionLoggerListener.log OS Name:               Mac OS X
27-Apr-2018 09:12:15.174 INFO [main] org.apache.catalina.startup.VersionLoggerListener.log OS Version:            10.12.6
27-Apr-2018 09:12:15.174 INFO [main] org.apache.catalina.startup.VersionLoggerListener.log Architecture:          x86_64
27-Apr-2018 09:12:15.175 INFO [main] org.apache.catalina.startup.VersionLoggerListener.log Java Home:             /Library/Java/JavaVirtualMachines/jdk-10.jdk/Contents/Home
27-Apr-2018 09:12:15.175 INFO [main] org.apache.catalina.startup.VersionLoggerListener.log JVM Version:           10+46
27-Apr-2018 09:12:15.175 INFO [main] org.apache.catalina.startup.VersionLoggerListener.log JVM Vendor:            "Oracle Corporation"
27-Apr-2018 09:12:15.175 INFO [main] org.apache.catalina.startup.VersionLoggerListener.log CATALINA_BASE:         /Users/adimarsiano/Documents/intellij projects/shopal/tomcat
27-Apr-2018 09:12:15.176 INFO [main] org.apache.catalina.startup.VersionLoggerListener.log CATALINA_HOME:         /Users/adimarsiano/Documents/intellij projects/shopal/tomcat
27-Apr-2018 09:12:15.181 INFO [main] org.apache.catalina.startup.VersionLoggerListener.log Command line argument: --add-opens=java.base/java.lang=ALL-UNNAMED
27-Apr-2018 09:12:15.182 INFO [main] org.apache.catalina.startup.VersionLoggerListener.log Command line argument: --add-opens=java.base/java.io=ALL-UNNAMED
27-Apr-2018 09:12:15.182 INFO [main] org.apache.catalina.startup.VersionLoggerListener.log Command line argument: --add-opens=java.rmi/sun.rmi.transport=ALL-UNNAMED
27-Apr-2018 09:12:15.182 INFO [main] org.apache.catalina.startup.VersionLoggerListener.log Command line argument: -Djava.util.logging.config.file=/Users/adimarsiano/documents/intellij projects/shopal/tomcat/conf/logging.properties
27-Apr-2018 09:12:15.182 INFO [main] org.apache.catalina.startup.VersionLoggerListener.log Command line argument: -Djava.util.logging.manager=org.apache.juli.ClassLoaderLogManager
27-Apr-2018 09:12:15.182 INFO [main] org.apache.catalina.startup.VersionLoggerListener.log Command line argument: -Djdk.tls.ephemeralDHKeySize=2048
27-Apr-2018 09:12:15.184 INFO [main] org.apache.catalina.startup.VersionLoggerListener.log Command line argument: -Djava.protocol.handler.pkgs=org.apache.catalina.webresources
27-Apr-2018 09:12:15.184 INFO [main] org.apache.catalina.startup.VersionLoggerListener.log Command line argument: -Dorg.apache.catalina.security.SecurityListener.UMASK=0027
27-Apr-2018 09:12:15.184 INFO [main] org.apache.catalina.startup.VersionLoggerListener.log Command line argument: -Dignore.endorsed.dirs=
27-Apr-2018 09:12:15.184 INFO [main] org.apache.catalina.startup.VersionLoggerListener.log Command line argument: -Dcatalina.base=/Users/adimarsiano/documents/intellij projects/shopal/tomcat
27-Apr-2018 09:12:15.184 INFO [main] org.apache.catalina.startup.VersionLoggerListener.log Command line argument: -Dcatalina.home=/Users/adimarsiano/documents/intellij projects/shopal/tomcat
27-Apr-2018 09:12:15.185 INFO [main] org.apache.catalina.startup.VersionLoggerListener.log Command line argument: -Djava.io.tmpdir=/Users/adimarsiano/documents/intellij projects/shopal/tomcat/temp
27-Apr-2018 09:12:15.185 INFO [main] org.apache.catalina.core.AprLifecycleListener.lifecycleEvent The APR based Apache Tomcat Native library which allows optimal performance in production environments was not found on the java.library.path: [/Users/adimarsiano/Library/Java/Extensions:/Library/Java/Extensions:/Network/Library/Java/Extensions:/System/Library/Java/Extensions:/usr/lib/java:.]
27-Apr-2018 09:12:15.265 INFO [main] org.apache.coyote.AbstractProtocol.init Initializing ProtocolHandler ["http-nio-9999"]
27-Apr-2018 09:12:15.323 INFO [main] org.apache.tomcat.util.net.NioSelectorPool.getSharedSelector Using a shared selector for servlet write/read
27-Apr-2018 09:12:15.334 INFO [main] org.apache.coyote.AbstractProtocol.init Initializing ProtocolHandler ["ajp-nio-8009"]
27-Apr-2018 09:12:15.337 INFO [main] org.apache.tomcat.util.net.NioSelectorPool.getSharedSelector Using a shared selector for servlet write/read
27-Apr-2018 09:12:15.338 INFO [main] org.apache.catalina.startup.Catalina.load Initialization processed in 1200 ms
27-Apr-2018 09:12:15.458 INFO [main] org.apache.catalina.core.StandardService.startInternal Starting service [Catalina]
27-Apr-2018 09:12:15.459 INFO [main] org.apache.catalina.core.StandardEngine.startInternal Starting Servlet Engine: Apache Tomcat/9.0.7
27-Apr-2018 09:12:15.476 INFO [main] org.apache.catalina.startup.HostConfig.deployDirectory Deploying web application directory [/Users/adimarsiano/Documents/intellij projects/shopal/tomcat/webapps/docs]
27-Apr-2018 09:12:16.285 INFO [main] org.apache.catalina.startup.HostConfig.deployDirectory Deployment of web application directory [/Users/adimarsiano/Documents/intellij projects/shopal/tomcat/webapps/docs] has finished in [808] ms
27-Apr-2018 09:12:16.285 INFO [main] org.apache.catalina.startup.HostConfig.deployDirectory Deploying web application directory [/Users/adimarsiano/Documents/intellij projects/shopal/tomcat/webapps/examples]
27-Apr-2018 09:12:16.828 INFO [main] org.apache.catalina.startup.HostConfig.deployDirectory Deployment of web application directory [/Users/adimarsiano/Documents/intellij projects/shopal/tomcat/webapps/examples] has finished in [542] ms
27-Apr-2018 09:12:16.828 INFO [main] org.apache.catalina.startup.HostConfig.deployDirectory Deploying web application directory [/Users/adimarsiano/Documents/intellij projects/shopal/tomcat/webapps/hello]
27-Apr-2018 09:12:16.886 INFO [main] org.apache.catalina.startup.HostConfig.deployDirectory Deployment of web application directory [/Users/adimarsiano/Documents/intellij projects/shopal/tomcat/webapps/hello] has finished in [58] ms
27-Apr-2018 09:12:16.887 INFO [main] org.apache.catalina.startup.HostConfig.deployDirectory Deploying web application directory [/Users/adimarsiano/Documents/intellij projects/shopal/tomcat/webapps/host-manager]
27-Apr-2018 09:12:16.953 INFO [main] org.apache.catalina.startup.HostConfig.deployDirectory Deployment of web application directory [/Users/adimarsiano/Documents/intellij projects/shopal/tomcat/webapps/host-manager] has finished in [65] ms
27-Apr-2018 09:12:16.953 INFO [main] org.apache.catalina.startup.HostConfig.deployDirectory Deploying web application directory [/Users/adimarsiano/Documents/intellij projects/shopal/tomcat/webapps/manager]
27-Apr-2018 09:12:17.019 INFO [main] org.apache.catalina.startup.HostConfig.deployDirectory Deployment of web application directory [/Users/adimarsiano/Documents/intellij projects/shopal/tomcat/webapps/manager] has finished in [66] ms
27-Apr-2018 09:12:17.020 INFO [main] org.apache.catalina.startup.HostConfig.deployDirectory Deploying web application directory [/Users/adimarsiano/Documents/intellij projects/shopal/tomcat/webapps/ROOT]
27-Apr-2018 09:12:17.057 INFO [main] org.apache.catalina.startup.HostConfig.deployDirectory Deployment of web application directory [/Users/adimarsiano/Documents/intellij projects/shopal/tomcat/webapps/ROOT] has finished in [37] ms
27-Apr-2018 09:12:17.064 INFO [main] org.apache.coyote.AbstractProtocol.start Starting ProtocolHandler ["http-nio-9999"]
27-Apr-2018 09:12:17.084 INFO [main] org.apache.coyote.AbstractProtocol.start Starting ProtocolHandler ["ajp-nio-8009"]
27-Apr-2018 09:12:17.087 INFO [main] org.apache.catalina.startup.Catalina.start Server startup in 1748 ms
27-Apr-2018 09:28:04.647 INFO [Thread-4] org.apache.coyote.AbstractProtocol.pause Pausing ProtocolHandler ["http-nio-9999"]
27-Apr-2018 09:28:04.664 INFO [Thread-4] org.apache.coyote.AbstractProtocol.pause Pausing ProtocolHandler ["ajp-nio-8009"]
27-Apr-2018 09:28:04.717 INFO [Thread-4] org.apache.catalina.core.StandardService.stopInternal Stopping service [Catalina]
27-Apr-2018 09:28:04.812 INFO [Thread-4] org.apache.coyote.AbstractProtocol.stop Stopping ProtocolHandler ["http-nio-9999"]
27-Apr-2018 09:28:04.822 INFO [Thread-4] org.apache.coyote.AbstractProtocol.stop Stopping ProtocolHandler ["ajp-nio-8009"]
27-Apr-2018 09:28:04.827 INFO [Thread-4] org.apache.coyote.AbstractProtocol.destroy Destroying ProtocolHandler ["http-nio-9999"]
27-Apr-2018 09:28:04.830 INFO [Thread-4] org.apache.coyote.AbstractProtocol.destroy Destroying ProtocolHandler ["ajp-nio-8009"]
27-Apr-2018 10:22:54.506 INFO [main] org.apache.catalina.startup.VersionLoggerListener.log Server version:        Apache Tomcat/9.0.7
27-Apr-2018 10:22:54.513 INFO [main] org.apache.catalina.startup.VersionLoggerListener.log Server built:          Apr 3 2018 19:53:05 UTC
27-Apr-2018 10:22:54.513 INFO [main] org.apache.catalina.startup.VersionLoggerListener.log Server number:         9.0.7.0
27-Apr-2018 10:22:54.513 INFO [main] org.apache.catalina.startup.VersionLoggerListener.log OS Name:               Mac OS X
27-Apr-2018 10:22:54.514 INFO [main] org.apache.catalina.startup.VersionLoggerListener.log OS Version:            10.12.6
27-Apr-2018 10:22:54.514 INFO [main] org.apache.catalina.startup.VersionLoggerListener.log Architecture:          x86_64
27-Apr-2018 10:22:54.515 INFO [main] org.apache.catalina.startup.VersionLoggerListener.log Java Home:             /Library/Java/JavaVirtualMachines/jdk-10.jdk/Contents/Home
27-Apr-2018 10:22:54.515 INFO [main] org.apache.catalina.startup.VersionLoggerListener.log JVM Version:           10+46
27-Apr-2018 10:22:54.516 INFO [main] org.apache.catalina.startup.VersionLoggerListener.log JVM Vendor:            "Oracle Corporation"
27-Apr-2018 10:22:54.516 INFO [main] org.apache.catalina.startup.VersionLoggerListener.log CATALINA_BASE:         /Users/adimarsiano/Documents/intellij projects/shopal/tomcat
27-Apr-2018 10:22:54.516 INFO [main] org.apache.catalina.startup.VersionLoggerListener.log CATALINA_HOME:         /Users/adimarsiano/Documents/intellij projects/shopal/tomcat
27-Apr-2018 10:22:54.520 INFO [main] org.apache.catalina.startup.VersionLoggerListener.log Command line argument: --add-opens=java.base/java.lang=ALL-UNNAMED
27-Apr-2018 10:22:54.521 INFO [main] org.apache.catalina.startup.VersionLoggerListener.log Command line argument: --add-opens=java.base/java.io=ALL-UNNAMED
27-Apr-2018 10:22:54.521 INFO [main] org.apache.catalina.startup.VersionLoggerListener.log Command line argument: --add-opens=java.rmi/sun.rmi.transport=ALL-UNNAMED
27-Apr-2018 10:22:54.521 INFO [main] org.apache.catalina.startup.VersionLoggerListener.log Command line argument: -Djava.util.logging.config.file=/Users/adimarsiano/documents/intellij projects/shopal/tomcat/conf/logging.properties
27-Apr-2018 10:22:54.521 INFO [main] org.apache.catalina.startup.VersionLoggerListener.log Command line argument: -Djava.util.logging.manager=org.apache.juli.ClassLoaderLogManager
27-Apr-2018 10:22:54.522 INFO [main] org.apache.catalina.startup.VersionLoggerListener.log Command line argument: -Djdk.tls.ephemeralDHKeySize=2048
27-Apr-2018 10:22:54.522 INFO [main] org.apache.catalina.startup.VersionLoggerListener.log Command line argument: -Djava.protocol.handler.pkgs=org.apache.catalina.webresources
27-Apr-2018 10:22:54.522 INFO [main] org.apache.catalina.startup.VersionLoggerListener.log Command line argument: -Dorg.apache.catalina.security.SecurityListener.UMASK=0027
27-Apr-2018 10:22:54.523 INFO [main] org.apache.catalina.startup.VersionLoggerListener.log Command line argument: -Dignore.endorsed.dirs=
27-Apr-2018 10:22:54.523 INFO [main] org.apache.catalina.startup.VersionLoggerListener.log Command line argument: -Dcatalina.base=/Users/adimarsiano/documents/intellij projects/shopal/tomcat
27-Apr-2018 10:22:54.524 INFO [main] org.apache.catalina.startup.VersionLoggerListener.log Command line argument: -Dcatalina.home=/Users/adimarsiano/documents/intellij projects/shopal/tomcat
27-Apr-2018 10:22:54.524 INFO [main] org.apache.catalina.startup.VersionLoggerListener.log Command line argument: -Djava.io.tmpdir=/Users/adimarsiano/documents/intellij projects/shopal/tomcat/temp
27-Apr-2018 10:22:54.524 INFO [main] org.apache.catalina.core.AprLifecycleListener.lifecycleEvent The APR based Apache Tomcat Native library which allows optimal performance in production environments was not found on the java.library.path: [/Users/adimarsiano/Library/Java/Extensions:/Library/Java/Extensions:/Network/Library/Java/Extensions:/System/Library/Java/Extensions:/usr/lib/java:.]
27-Apr-2018 10:22:54.627 INFO [main] org.apache.coyote.AbstractProtocol.init Initializing ProtocolHandler ["http-nio-9999"]
27-Apr-2018 10:22:54.686 INFO [main] org.apache.tomcat.util.net.NioSelectorPool.getSharedSelector Using a shared selector for servlet write/read
27-Apr-2018 10:22:54.699 INFO [main] org.apache.coyote.AbstractProtocol.init Initializing ProtocolHandler ["ajp-nio-8009"]
27-Apr-2018 10:22:54.702 INFO [main] org.apache.tomcat.util.net.NioSelectorPool.getSharedSelector Using a shared selector for servlet write/read
27-Apr-2018 10:22:54.703 INFO [main] org.apache.catalina.startup.Catalina.load Initialization processed in 1322 ms
27-Apr-2018 10:22:54.824 INFO [main] org.apache.catalina.core.StandardService.startInternal Starting service [Catalina]
27-Apr-2018 10:22:54.825 INFO [main] org.apache.catalina.core.StandardEngine.startInternal Starting Servlet Engine: Apache Tomcat/9.0.7
27-Apr-2018 10:22:54.840 INFO [main] org.apache.catalina.startup.HostConfig.deployDirectory Deploying web application directory [/Users/adimarsiano/Documents/intellij projects/shopal/tomcat/webapps/docs]
27-Apr-2018 10:22:55.663 INFO [main] org.apache.catalina.startup.HostConfig.deployDirectory Deployment of web application directory [/Users/adimarsiano/Documents/intellij projects/shopal/tomcat/webapps/docs] has finished in [823] ms
27-Apr-2018 10:22:55.664 INFO [main] org.apache.catalina.startup.HostConfig.deployDirectory Deploying web application directory [/Users/adimarsiano/Documents/intellij projects/shopal/tomcat/webapps/examples]
27-Apr-2018 10:22:56.282 INFO [main] org.apache.catalina.startup.HostConfig.deployDirectory Deployment of web application directory [/Users/adimarsiano/Documents/intellij projects/shopal/tomcat/webapps/examples] has finished in [619] ms
27-Apr-2018 10:22:56.283 INFO [main] org.apache.catalina.startup.HostConfig.deployDirectory Deploying web application directory [/Users/adimarsiano/Documents/intellij projects/shopal/tomcat/webapps/hello]
27-Apr-2018 10:22:56.342 INFO [main] org.apache.catalina.startup.HostConfig.deployDirectory Deployment of web application directory [/Users/adimarsiano/Documents/intellij projects/shopal/tomcat/webapps/hello] has finished in [59] ms
27-Apr-2018 10:22:56.342 INFO [main] org.apache.catalina.startup.HostConfig.deployDirectory Deploying web application directory [/Users/adimarsiano/Documents/intellij projects/shopal/tomcat/webapps/host-manager]
27-Apr-2018 10:22:56.410 INFO [main] org.apache.catalina.startup.HostConfig.deployDirectory Deployment of web application directory [/Users/adimarsiano/Documents/intellij projects/shopal/tomcat/webapps/host-manager] has finished in [67] ms
27-Apr-2018 10:22:56.410 INFO [main] org.apache.catalina.startup.HostConfig.deployDirectory Deploying web application directory [/Users/adimarsiano/Documents/intellij projects/shopal/tomcat/webapps/manager]
27-Apr-2018 10:22:56.462 INFO [main] org.apache.catalina.startup.HostConfig.deployDirectory Deployment of web application directory [/Users/adimarsiano/Documents/intellij projects/shopal/tomcat/webapps/manager] has finished in [52] ms
27-Apr-2018 10:22:56.463 INFO [main] org.apache.catalina.startup.HostConfig.deployDirectory Deploying web application directory [/Users/adimarsiano/Documents/intellij projects/shopal/tomcat/webapps/ROOT]
27-Apr-2018 10:22:56.514 INFO [main] org.apache.catalina.startup.HostConfig.deployDirectory Deployment of web application directory [/Users/adimarsiano/Documents/intellij projects/shopal/tomcat/webapps/ROOT] has finished in [51] ms
27-Apr-2018 10:22:56.519 INFO [main] org.apache.coyote.AbstractProtocol.start Starting ProtocolHandler ["http-nio-9999"]
27-Apr-2018 10:22:56.536 INFO [main] org.apache.coyote.AbstractProtocol.start Starting ProtocolHandler ["ajp-nio-8009"]
27-Apr-2018 10:22:56.540 INFO [main] org.apache.catalina.startup.Catalina.start Server startup in 1836 ms
27-Apr-2018 10:23:17.001 INFO [Thread-4] org.apache.coyote.AbstractProtocol.pause Pausing ProtocolHandler ["http-nio-9999"]
27-Apr-2018 10:23:17.064 INFO [Thread-4] org.apache.coyote.AbstractProtocol.pause Pausing ProtocolHandler ["ajp-nio-8009"]
27-Apr-2018 10:23:17.118 INFO [Thread-4] org.apache.catalina.core.StandardService.stopInternal Stopping service [Catalina]
27-Apr-2018 10:23:17.208 INFO [Thread-4] org.apache.coyote.AbstractProtocol.stop Stopping ProtocolHandler ["http-nio-9999"]
27-Apr-2018 10:23:17.228 INFO [Thread-4] org.apache.coyote.AbstractProtocol.stop Stopping ProtocolHandler ["ajp-nio-8009"]
27-Apr-2018 10:23:17.234 INFO [Thread-4] org.apache.coyote.AbstractProtocol.destroy Destroying ProtocolHandler ["http-nio-9999"]
27-Apr-2018 10:23:17.235 INFO [Thread-4] org.apache.coyote.AbstractProtocol.destroy Destroying ProtocolHandler ["ajp-nio-8009"]
